Removed Pin From Net: NetName=GND Pin=C1-2
Removed Pin From Net: NetName=3.3V Pin=P1-10
Removed Pin From Net: NetName=NetC2_1 Pin=R1-1
Removed Pin From Net: NetName=GND Pin=R1-3
Removed Pin From Net: NetName=3.3V Pin=R5-1
Removed Pin From Net: NetName=GND Pin=R5-3
Removed Pin From Net: NetName=3.3V Pin=R7-1
Removed Pin From Net: NetName=GND Pin=R8-1
Removed Pin From Net: NetName=3.3V Pin=R9-1
Removed Pin From Net: NetName=GND Pin=R11-1
Removed Pin From Net: NetName=3.3V Pin=R12-1
Removed Pin From Net: NetName=GND Pin=R12-3
Removed Pin From Net: NetName=3.3V Pin=R14-1
Removed Pin From Net: NetName=GND Pin=R15-1
Removed Member From Class: ClassName=PlacaE3 Member=R11
Removed Member From Class: ClassName=PlacaE3 Member=R12
Removed Member From Class: ClassName=PlacaE3 Member=R14
Removed Member From Class: ClassName=PlacaE3 Member=R15
Change Component DesignItemId : Designator=R1 Old DesignItemId=PRESET New DesignItemId=RES
Change Component Footprint: Designator=R1 Old Footprint=PRESET V New Footprint=RES400
Change Component Comment : Designator=R1 Old Comment=PRESET New Comment=RES
Change Component Designator: OldDesignator=C2 NewDesignator=CapReg1
Change Component Designator: OldDesignator=C3 NewDesignator=CapReg2
Change Component Designator: OldDesignator=D1 NewDesignator=DLInf
Change Component Designator: OldDesignator=D2 NewDesignator=DLSup
Change Component Designator: OldDesignator=D3 NewDesignator=DRInf
Change Component Designator: OldDesignator=D4 NewDesignator=DRSup
Change Component Designator: OldDesignator=R2 NewDesignator=RDivInf1
Change Component Designator: OldDesignator=R3 NewDesignator=RLInf
Change Component Designator: OldDesignator=R4 NewDesignator=RDivInf2
Change Component Designator: OldDesignator=R6 NewDesignator=RLSup
Change Component Designator: OldDesignator=R10 NewDesignator=RRInf
Change Component Designator: OldDesignator=R13 NewDesignator=RRSup
Change Component Designator: OldDesignator=U1 NewDesignator=Comp
Change Component Designator: OldDesignator=U2 NewDesignator=REG
Added Component: Designator=BZ1(BUZZER 12MM)
Added Component: Designator=CapDes(CAP200)
Added Component: Designator=DS1(DISPLAY_LED_0.3")
Added Component: Designator=DS2(DISPLAY_LED_0.3")
Added Component: Designator=JoyLeft(HDR1X5)
Added Component: Designator=JoyRight(HDR1X5)
Added Component: Designator=RDivSup1(RES400)
Added Component: Designator=RDivSup2(RES400)
Added Component: Designator=S1(TACTSWITCH)
Added Component: Designator=U3(DIP16)
Added Component: Designator=U4(DIP16)
Added Component: Designator=XYLeft(HDR1X3)
Added Component: Designator=XYRight(HDR1X3)
Added Pin To Net: NetName=GND Pin=BZ1-2
Added Pin To Net: NetName=3.3V Pin=CapDes-1
Added Pin To Net: NetName=GND Pin=CapDes-2
Added Pin To Net: NetName=3.3V Pin=Comp-4
Added Pin To Net: NetName=NetR2_2 Pin=Comp-9
Added Pin To Net: NetName=3.3V Pin=JoyLeft-4
Added Pin To Net: NetName=GND Pin=JoyLeft-5
Added Pin To Net: NetName=3.3V Pin=JoyRight-4
Added Pin To Net: NetName=GND Pin=JoyRight-5
Added Pin To Net: NetName=GND Pin=R1-2
Added Pin To Net: NetName=3.3V Pin=RDivSup1-1
Added Pin To Net: NetName=GND Pin=RDivSup2-1
Change Net Name : Old Net Name=3.3V New Net Name=5V
Change Net Name : Old Net Name=NetC2_1 New Net Name=NetCapReg1_1
Change Net Name : Old Net Name=NetD1_2 New Net Name=NetDLInf_2
Change Net Name : Old Net Name=NetD2_2 New Net Name=NetDLSup_2
Change Net Name : Old Net Name=NetD3_2 New Net Name=NetDRInf_2
Change Net Name : Old Net Name=NetD4_2 New Net Name=NetDRSup_2
Change Net Name : Old Net Name=NetR2_2 New Net Name=VINF
Change Net Name : Old Net Name=NetR3_1 New Net Name=NetComp_1
Change Net Name : Old Net Name=NetR6_1 New Net Name=NetComp_7
Change Net Name : Old Net Name=NetR10_1 New Net Name=NetComp_8
Change Net Name : Old Net Name=NetR13_1 New Net Name=NetComp_14
Added Pin To Net: NetName=3.3V Pin=P1-10
Added Net: Name=3.3V
Added Pin To Net: NetName=JLS Pin=JoyLeft-1
Added Net: Name=JLS
Added Pin To Net: NetName=JL Pin=Comp-3
Added Pin To Net: NetName=JL Pin=Comp-6
Added Pin To Net: NetName=JL Pin=XYLeft-2
Added Net: Name=JL
Added Pin To Net: NetName=JLX Pin=JoyLeft-3
Added Pin To Net: NetName=JLX Pin=XYLeft-3
Added Net: Name=JLX
Added Pin To Net: NetName=JLY Pin=JoyLeft-2
Added Pin To Net: NetName=JLY Pin=XYLeft-1
Added Net: Name=JLY
Added Pin To Net: NetName=JRS Pin=JoyRight-1
Added Net: Name=JRS
Added Pin To Net: NetName=JR Pin=Comp-10
Added Pin To Net: NetName=JR Pin=Comp-13
Added Pin To Net: NetName=JR Pin=XYRight-2
Added Net: Name=JR
Added Pin To Net: NetName=JRX Pin=JoyRight-3
Added Pin To Net: NetName=JRX Pin=XYRight-3
Added Net: Name=JRX
Added Pin To Net: NetName=JRY Pin=JoyRight-2
Added Pin To Net: NetName=JRY Pin=XYRight-1
Added Net: Name=JRY
Added Pin To Net: NetName=NetDS1_2 Pin=DS1-2
Added Pin To Net: NetName=NetDS1_2 Pin=U3-15
Added Net: Name=NetDS1_2
Added Pin To Net: NetName=NetDS1_3 Pin=DS1-3
Added Pin To Net: NetName=NetDS1_3 Pin=U3-14
Added Net: Name=NetDS1_3
Added Pin To Net: NetName=NetDS1_4 Pin=DS1-4
Added Pin To Net: NetName=NetDS1_4 Pin=U3-9
Added Net: Name=NetDS1_4
Added Pin To Net: NetName=NetDS1_5 Pin=DS1-5
Added Pin To Net: NetName=NetDS1_5 Pin=U3-10
Added Net: Name=NetDS1_5
Added Pin To Net: NetName=NetDS1_8 Pin=DS1-8
Added Pin To Net: NetName=NetDS1_8 Pin=U3-11
Added Net: Name=NetDS1_8
Added Pin To Net: NetName=NetDS1_9 Pin=DS1-9
Added Pin To Net: NetName=NetDS1_9 Pin=U3-12
Added Net: Name=NetDS1_9
Added Pin To Net: NetName=NetDS1_10 Pin=DS1-10
Added Pin To Net: NetName=NetDS1_10 Pin=U3-13
Added Net: Name=NetDS1_10
Added Pin To Net: NetName=NetDS2_2 Pin=DS2-2
Added Pin To Net: NetName=NetDS2_2 Pin=U4-15
Added Net: Name=NetDS2_2
Added Pin To Net: NetName=NetDS2_3 Pin=DS2-3
Added Pin To Net: NetName=NetDS2_3 Pin=U4-14
Added Net: Name=NetDS2_3
Added Pin To Net: NetName=NetDS2_4 Pin=DS2-4
Added Pin To Net: NetName=NetDS2_4 Pin=U4-9
Added Net: Name=NetDS2_4
Added Pin To Net: NetName=NetDS2_5 Pin=DS2-5
Added Pin To Net: NetName=NetDS2_5 Pin=U4-10
Added Net: Name=NetDS2_5
Added Pin To Net: NetName=NetDS2_8 Pin=DS2-8
Added Pin To Net: NetName=NetDS2_8 Pin=U4-11
Added Net: Name=NetDS2_8
Added Pin To Net: NetName=NetDS2_9 Pin=DS2-9
Added Pin To Net: NetName=NetDS2_9 Pin=U4-12
Added Net: Name=NetDS2_9
Added Pin To Net: NetName=NetDS2_10 Pin=DS2-10
Added Pin To Net: NetName=NetDS2_10 Pin=U4-13
Added Net: Name=NetDS2_10
Added Pin To Net: NetName=NetR1_1 Pin=R1-1
Added Pin To Net: NetName=NetR1_1 Pin=S1-3
Added Net: Name=NetR1_1
Added Net: Name=NetRGB1_2
Added Pin To Net: NetName=VSUP Pin=Comp-5
Added Pin To Net: NetName=VSUP Pin=Comp-12
Added Pin To Net: NetName=VSUP Pin=RDivSup1-2
Added Pin To Net: NetName=VSUP Pin=RDivSup2-2
Added Net: Name=VSUP
Added Member To Class: ClassName=PlacaE3 Member=Component BZ1 BUZZER
Added Member To Class: ClassName=PlacaE3 Member=Component CapDes CAP
Added Member To Class: ClassName=PlacaE3 Member=Component DLInf DIODO
Added Member To Class: ClassName=PlacaE3 Member=Component DLSup DIODO
Added Member To Class: ClassName=PlacaE3 Member=Component DRInf DIODO
Added Member To Class: ClassName=PlacaE3 Member=Component DRSup DIODO
Added Member To Class: ClassName=PlacaE3 Member=Component DS1 DISPLAY 7SEG K
Added Member To Class: ClassName=PlacaE3 Member=Component DS2 DISPLAY 7SEG K
Added Member To Class: ClassName=PlacaE3 Member=Component J1 MOLEX2
Added Member To Class: ClassName=PlacaE3 Member=Component JoyLeft Header 5
Added Member To Class: ClassName=PlacaE3 Member=Component JoyRight Header 5
Added Member To Class: ClassName=PlacaE3 Member=Component R1 RES
Added Member To Class: ClassName=PlacaE3 Member=Component RDivInf1 RES
Added Member To Class: ClassName=PlacaE3 Member=Component RDivInf2 RES
Added Member To Class: ClassName=PlacaE3 Member=Component RDivSup1 RES
Added Member To Class: ClassName=PlacaE3 Member=Component RDivSup2 RES
Added Member To Class: ClassName=PlacaE3 Member=Component RLInf RES
Added Member To Class: ClassName=PlacaE3 Member=Component RLSup RES
Added Member To Class: ClassName=PlacaE3 Member=Component S1 TACT SWITCH
Added Member To Class: ClassName=PlacaE3 Member=Component U3 CD4511
Added Member To Class: ClassName=PlacaE3 Member=Component U4 CD4511
Added Member To Class: ClassName=PlacaE3 Member=Component XYLeft Header 3
Added Member To Class: ClassName=PlacaE3 Member=Component XYRight Header 3
Added Room: Name=PlacaE3
