Removed Pin From Net: NetName=GND Pin=J1-1
Removed Pin From Net: NetName=NetCapReg1_1 Pin=J1-2
Removed Member From Class: ClassName=PlacaE3 Member=DS1
Removed Member From Class: ClassName=PlacaE3 Member=DS2
Change Component DesignItemId : Designator=J1 Old DesignItemId=MOLEX2 New DesignItemId=CON8*2
Change Component Comment : Designator=J1 Old Comment=MOLEX2 New Comment=SHIELD
Change Component Library : Designator=J1 Old Library=LIBEBAL.IntLib New Library=LIB PIO IX.IntLib
Added Component: Designator=C1(CAP200)
Added Component: Designator=C2(CAP200)
Added Component: Designator=C3(CAP100)
Added Component: Designator=D2(DO41)
Added Component: Designator=D3(DO41)
Added Component: Designator=J1(MOLEX2)
Added Component: Designator=J2(MOLEX2)
Added Component: Designator=J3(MOLEX2)
Added Component: Designator=J4(JUMPER2)
Added Component: Designator=J5(MOLEX2)
Added Component: Designator=R3(RES300)
Added Component: Designator=R6(RES300)
Added Component: Designator=RJLs(RES400)
Added Component: Designator=RJRs(RES400)
Added Pin To Net: NetName=GND Pin=C1-2
Added Pin To Net: NetName=GND Pin=C2-2
Added Pin To Net: NetName=GND Pin=C3-2
Added Pin To Net: NetName=GND Pin=J1-1
Added Pin To Net: NetName=NetCapReg1_1 Pin=J1-2
Added Pin To Net: NetName=GND Pin=J2-1
Added Pin To Net: NetName=GND Pin=J3-2
Added Pin To Net: NetName=GND Pin=J5-1
Added Pin To Net: NetName=GND Pin=RJLs-1
Added Pin To Net: NetName=JLS Pin=RJLs-2
Added Pin To Net: NetName=GND Pin=RJRs-1
Added Pin To Net: NetName=JRS Pin=RJRs-2
Added Net: Name=B1
Added Net: Name=B2
Added Net: Name=B
Added Net: Name=G
Added Net: Name=H_SYNC
Added Pin To Net: NetName=NetC1_1 Pin=C1-1
Added Pin To Net: NetName=NetC1_1 Pin=D2-2
Added Net: Name=NetC1_1
Added Pin To Net: NetName=NetC2_1 Pin=C2-1
Added Pin To Net: NetName=NetC2_1 Pin=D3-2
Added Pin To Net: NetName=NetC2_1 Pin=R6-1
Added Net: Name=NetC2_1
Added Pin To Net: NetName=NetD2_1 Pin=D2-1
Added Net: Name=NetD2_1
Added Pin To Net: NetName=NetD3_1 Pin=D3-1
Added Pin To Net: NetName=NetD3_1 Pin=R3-1
Added Pin To Net: NetName=NetD3_1 Pin=R6-2
Added Net: Name=NetD3_1
Added Pin To Net: NetName=NetJ3_1 Pin=J3-1
Added Pin To Net: NetName=NetJ3_1 Pin=J4-2
Added Net: Name=NetJ3_1
Added Net: Name=R
Added Pin To Net: NetName=V_SYNC Pin=J1-2
Added Net: Name=V_SYNC
Added Pin To Net: NetName=VCC Pin=C3-1
Added Pin To Net: NetName=VCC Pin=J2-2
Added Pin To Net: NetName=VCC Pin=J4-1
Added Pin To Net: NetName=VCC Pin=J5-2
Added Pin To Net: NetName=VCC Pin=R3-2
Added Net: Name=VCC
Added Net: Name=VGA_1
Added Net: Name=VGA_2
Added Net: Name=VGA_3
Added Net: Name=VGA_13
Added Net: Name=VGA_14
Added Class: Name=PlacaVGAEsquematico
Added Member To Class: ClassName=PlacaE3 Member=Component RJLs RES
Added Member To Class: ClassName=PlacaE3 Member=Component RJRs RES
Added Room: Name=PlacaVGAEsquematico
